[1014/183609.761:ERROR:directory_reader_win.cc(43)] FindFirstFile: The system cannot find the path specified. (0x3)
[1014/205052.498:ERROR:directory_reader_win.cc(43)] FindFirstFile: The system cannot find the path specified. (0x3)
[1015/011845.480:ERROR:process_reader_win.cc(127)] NtOpenThread: {Access Denied} A process has requested access to an object, but has not been granted those access rights. (0xc0000022)
[1015/011845.479:ERROR:process_reader_win.cc(127)] NtOpenThread: {Access Denied} A process has requested access to an object, but has not been granted those access rights. (0xc0000022)
[1015/011845.507:ERROR:exception_snapshot_win.cc(100)] thread ID 2880 not found in process
[1015/011845.507:ERROR:exception_snapshot_win.cc(100)] thread ID 15604 not found in process
[1015/011845.576:ERROR:process_memory_win.cc(73)] ReadMemory at 0x21081d811b0 of 32 bytes failed: Only part of a ReadProcessMemory or WriteProcessMemory request was completed. (0x12B)
[1015/011845.576:WARNING:pe_image_annotations_reader.cc(147)] could not read annotation at index 2 in C:\Program Files (x86)\Microsoft\Edge\Application\86.0.622.38\msedge.dll
[1015/011845.578:ERROR:process_memory_win.cc(73)] ReadMemory at 0x21081d811b0 of 32 bytes failed: Only part of a ReadProcessMemory or WriteProcessMemory request was completed. (0x12B)
[1015/011845.578:WARNING:pe_image_annotations_reader.cc(147)] could not read annotation at index 2 in C:\Program Files (x86)\Microsoft\Edge\Application\86.0.622.38\msedge.dll
[1015/011845.594:ERROR:minidumpwritedump_with_crashpad_info.cc(452)] Failed to call MiniDumpWriteDump: Only part of a ReadProcessMemory or WriteProcessMemory request was completed. (0x8007012B)
[1015/011845.595:ERROR:minidumpwritedump_with_crashpad_info.cc(661)] Failed to write minidump file
[1015/011845.595:ERROR:crash_report_exception_handler.cc(134)] TryMiniDumpWriteDumpWithCrashpadInfo failed
[1015/011845.618:ERROR:process_memory_win.cc(73)] ReadMemory at 0x210f91af340 of 72 bytes failed: Only part of a ReadProcessMemory or WriteProcessMemory request was completed. (0x12B)
[1015/011845.618:WARNING:pe_image_annotations_reader.cc(135)] could not read annotations list object in C:\Program Files (x86)\Microsoft\Edge\Application\86.0.622.38\msedge_elf.dll
[1015/011845.619:ERROR:process_memory_win.cc(73)] ReadMemory at 0x210f91f1200 of 72 bytes failed: Only part of a ReadProcessMemory or WriteProcessMemory request was completed. (0x12B)
[1015/011845.619:WARNING:pe_image_annotations_reader.cc(135)] could not read annotations list object in C:\Program Files (x86)\Microsoft\Edge\Application\86.0.622.38\msedge.dll
[1015/011845.694:ERROR:process_memory_win.cc(73)] ReadMemory at 0x7ff72df90000 of 64 bytes failed: Only part of a ReadProcessMemory or WriteProcessMemory request was completed. (0x12B)
[1015/011845.695:WARNING:pe_image_reader.cc(340)] could not read dos header from C:\Program Files (x86)\Microsoft\Edge\Application\msedge.exe
[1015/011845.695:ERROR:process_memory_win.cc(73)] ReadMemory at 0x7ffca8120000 of 64 bytes failed: Only part of a ReadProcessMemory or WriteProcessMemory request was completed. (0x12B)
[1015/011845.695:WARNING:pe_image_reader.cc(340)] could not read dos header from C:\WINDOWS\SYSTEM32\ntdll.dll
[1015/011845.695:ERROR:process_memory_win.cc(73)] ReadMemory at 0x7ffca7cd0000 of 64 bytes failed: Only part of a ReadProcessMemory or WriteProcessMemory request was completed. (0x12B)
[1015/011845.695:WARNING:pe_image_reader.cc(340)] could not read dos header from C:\WINDOWS\System32\KERNEL32.DLL
[1015/011845.695:ERROR:process_memory_win.cc(73)] ReadMemory at 0x7ffca5cd0000 of 64 bytes failed: Only part of a ReadProcessMemory or WriteProcessMemory request was completed. (0x12B)
[1015/011845.695:WARNING:pe_image_reader.cc(340)] could not read dos header from C:\WINDOWS\System32\KERNELBASE.dll
[1015/011845.695:ERROR:process_memory_win.cc(73)] ReadMemory at 0x7ffc78970000 of 64 bytes failed: Only part of a ReadProcessMemory or WriteProcessMemory request was completed. (0x12B)
[1015/011845.695:WARNING:pe_image_reader.cc(340)] could not read dos header from C:\Program Files (x86)\Microsoft\Edge\Application\86.0.622.38\msedge_elf.dll
[1015/011845.695:ERROR:process_memory_win.cc(73)] ReadMemory at 0x7ffca6590000 of 64 bytes failed: Only part of a ReadProcessMemory or WriteProcessMemory request was completed. (0x12B)
[1015/011845.695:WARNING:pe_image_reader.cc(340)] could not read dos header from C:\WINDOWS\System32\ADVAPI32.dll
[1015/011845.695:ERROR:process_memory_win.cc(73)] ReadMemory at 0x7ffca7fd0000 of 64 bytes failed: Only part of a ReadProcessMemory or WriteProcessMemory request was completed. (0x12B)
[1015/011845.695:WARNING:pe_image_reader.cc(340)] could not read dos header from C:\WINDOWS\System32\msvcrt.dll
[1015/011845.695:ERROR:process_memory_win.cc(73)] ReadMemory at 0x7ffca6760000 of 64 bytes failed: Only part of a ReadProcessMemory or WriteProcessMemory request was completed. (0x12B)
[1015/011845.695:WARNING:pe_image_reader.cc(340)] could not read dos header from C:\WINDOWS\System32\sechost.dll
[1015/011845.696:ERROR:process_memory_win.cc(73)] ReadMemory at 0x7ffca71e0000 of 64 bytes failed: Only part of a ReadProcessMemory or WriteProcessMemory request was completed. (0x12B)
[1015/011845.696:WARNING:pe_image_reader.cc(340)] could not read dos header from C:\WINDOWS\System32\RPCRT4.dll
[1015/011845.696:ERROR:process_memory_win.cc(73)] ReadMemory at 0x7ffca51b0000 of 64 bytes failed: Only part of a ReadProcessMemory or WriteProcessMemory request was completed. (0x12B)
[1015/011845.696:WARNING:pe_image_reader.cc(340)] could not read dos header from C:\WINDOWS\System32\bcryptPrimitives.dll
[1015/011845.696:ERROR:process_memory_win.cc(73)] ReadMemory at 0x7ffc3cc90000 of 64 bytes failed: Only part of a ReadProcessMemory or WriteProcessMemory request was completed. (0x12B)
[1015/011845.696:WARNING:pe_image_reader.cc(340)] could not read dos header from C:\Program Files (x86)\Microsoft\Edge\Application\86.0.622.38\msedge.dll
[1015/011845.696:ERROR:process_memory_win.cc(73)] ReadMemory at 0x7ffca8070000 of 64 bytes failed: Only part of a ReadProcessMemory or WriteProcessMemory request was completed. (0x12B)
[1015/011845.696:WARNING:pe_image_reader.cc(340)] could not read dos header from C:\WINDOWS\System32\WS2_32.dll
[1015/011845.696:ERROR:process_memory_win.cc(73)] ReadMemory at 0x7ffca7ad0000 of 64 bytes failed: Only part of a ReadProcessMemory or WriteProcessMemory request was completed. (0x12B)
[1015/011845.696:WARNING:pe_image_reader.cc(340)] could not read dos header from C:\WINDOWS\System32\OLEAUT32.dll
[1015/011845.696:ERROR:process_memory_win.cc(73)] ReadMemory at 0x7ffca6130000 of 64 bytes failed: Only part of a ReadProcessMemory or WriteProcessMemory request was completed. (0x12B)
[1015/011845.696:WARNING:pe_image_reader.cc(340)] could not read dos header from C:\WINDOWS\System32\msvcp_win.dll
[1015/011845.696:ERROR:process_memory_win.cc(73)] ReadMemory at 0x7ffca53d0000 of 64 bytes failed: Only part of a ReadProcessMemory or WriteProcessMemory request was completed. (0x12B)
[1015/011845.696:WARNING:pe_image_reader.cc(340)] could not read dos header from C:\WINDOWS\System32\ucrtbase.dll
[1015/011845.696:ERROR:process_memory_win.cc(73)] ReadMemory at 0x7ffca6c90000 of 64 bytes failed: Only part of a ReadProcessMemory or WriteProcessMemory request was completed. (0x12B)
[1015/011845.696:WARNING:pe_image_reader.cc(340)] could not read dos header from C:\WINDOWS\System32\combase.dll
[1015/011845.696:ERROR:process_memory_win.cc(73)] ReadMemory at 0x7ffca60d0000 of 64 bytes failed: Only part of a ReadProcessMemory or WriteProcessMemory request was completed. (0x12B)
[1015/011845.696:WARNING:pe_image_reader.cc(340)] could not read dos header from C:\WINDOWS\System32\WINTRUST.dll
[1015/011845.696:ERROR:process_memory_win.cc(73)] ReadMemory at 0x7ffca5040000 of 64 bytes failed: Only part of a ReadProcessMemory or WriteProcessMemory request was completed. (0x12B)
[1015/011845.697:WARNING:pe_image_reader.cc(340)] could not read dos header from C:\WINDOWS\System32\MSASN1.dll
[1015/011845.697:ERROR:process_memory_win.cc(73)] ReadMemory at 0x7ffca5f80000 of 64 bytes failed: Only part of a ReadProcessMemory or WriteProcessMemory request was completed. (0x12B)
[1015/011845.697:WARNING:pe_image_reader.cc(340)] could not read dos header from C:\WINDOWS\System32\CRYPT32.dll
[1015/011845.697:ERROR:process_memory_win.cc(73)] ReadMemory at 0x7ffca1750000 of 64 bytes failed: Only part of a ReadProcessMemory or WriteProcessMemory request was completed. (0x12B)
[1015/011845.697:WARNING:pe_image_reader.cc(340)] could not read dos header from C:\WINDOWS\SYSTEM32\dbghelp.dll
[1015/011845.697:ERROR:process_memory_win.cc(73)] ReadMemory at 0x7ffca44e0000 of 64 bytes failed: Only part of a ReadProcessMemory or WriteProcessMemory request was completed. (0x12B)
[1015/011845.697:WARNING:pe_image_reader.cc(340)] could not read dos header from C:\WINDOWS\SYSTEM32\IPHLPAPI.DLL
[1015/011845.697:ERROR:process_memory_win.cc(73)] ReadMemory at 0x7ffca3180000 of 64 bytes failed: Only part of a ReadProcessMemory or WriteProcessMemory request was completed. (0x12B)
[1015/011845.697:WARNING:pe_image_reader.cc(340)] could not read dos header from C:\WINDOWS\SYSTEM32\WINMM.dll
[1015/011845.697:ERROR:process_memory_win.cc(73)] ReadMemory at 0x7ffc71f70000 of 64 bytes failed: Only part of a ReadProcessMemory or WriteProcessMemory request was completed. (0x12B)
[1015/011845.697:WARNING:pe_image_reader.cc(340)] could not read dos header from C:\WINDOWS\SYSTEM32\UIAutomationCore.DLL
[1015/011845.697:ERROR:process_memory_win.cc(73)] ReadMemory at 0x7ffc90560000 of 64 bytes failed: Only part of a ReadProcessMemory or WriteProcessMemory request was completed. (0x12B)
[1015/011845.697:WARNING:pe_image_reader.cc(340)] could not read dos header from C:\WINDOWS\SYSTEM32\Secur32.dll
[1015/011845.697:ERROR:process_memory_win.cc(73)] ReadMemory at 0x7ffca4f00000 of 64 bytes failed: Only part of a ReadProcessMemory or WriteProcessMemory request was completed. (0x12B)
[1015/011845.697:WARNING:pe_image_reader.cc(340)] could not read dos header from C:\WINDOWS\SYSTEM32\USERENV.dll
[1015/011845.697:ERROR:process_memory_win.cc(73)] ReadMemory at 0x7ffca5080000 of 64 bytes failed: Only part of a ReadProcessMemory or WriteProcessMemory request was completed. (0x12B)
[1015/011845.697:WARNING:pe_image_reader.cc(340)] could not read dos header from C:\WINDOWS\System32\profapi.dll
[1015/011845.698:ERROR:process_memory_win.cc(73)] ReadMemory at 0x7ffc92950000 of 64 bytes failed: Only part of a ReadProcessMemory or WriteProcessMemory request was completed. (0x12B)
[1015/011845.698:WARNING:pe_image_reader.cc(340)] could not read dos header from C:\WINDOWS\SYSTEM32\DWrite.dll
[1015/011845.698:ERROR:process_memory_win.cc(73)] ReadMemory at 0x7ffc9e060000 of 64 bytes failed: Only part of a ReadProcessMemory or WriteProcessMemory request was completed. (0x12B)
[1015/011845.698:WARNING:pe_image_reader.cc(340)] could not read dos header from C:\WINDOWS\SYSTEM32\WINHTTP.dll
[1015/011845.698:ERROR:process_memory_win.cc(73)] ReadMemory at 0x7ffc9e250000 of 64 bytes failed: Only part of a ReadProcessMemory or WriteProcessMemory request was completed. (0x12B)
[1015/011845.698:WARNING:pe_image_reader.cc(340)] could not read dos header from C:\WINDOWS\SYSTEM32\WINSPOOL.DRV
[1015/011845.698:ERROR:process_memory_win.cc(73)] ReadMemory at 0x7ffca5060000 of 64 bytes failed: Only part of a ReadProcessMemory or WriteProcessMemory request was completed. (0x12B)
[1015/011845.698:WARNING:pe_image_reader.cc(340)] could not read dos header from C:\WINDOWS\System32\kernel.appcore.dll
[1015/011845.698:ERROR:process_memory_win.cc(73)] ReadMemory at 0x7ffca5ca0000 of 64 bytes failed: Only part of a ReadProcessMemory or WriteProcessMemory request was completed. (0x12B)
[1015/011845.698:WARNING:pe_image_reader.cc(340)] could not read dos header from C:\WINDOWS\System32\bcrypt.dll
[1015/011845.698:ERROR:process_memory_win.cc(73)] ReadMemory at 0x7ffca4aa0000 of 64 bytes failed: Only part of a ReadProcessMemory or WriteProcessMemory request was completed. (0x12B)
[1015/011845.698:WARNING:pe_image_reader.cc(340)] could not read dos header from C:\WINDOWS\SYSTEM32\ncrypt.dll
[1015/011845.698:ERROR:process_memory_win.cc(73)] ReadMemory at 0x7ffc9c710000 of 64 bytes failed: Only part of a ReadProcessMemory or WriteProcessMemory request was completed. (0x12B)
[1015/011845.698:WARNING:pe_image_reader.cc(340)] could not read dos header from C:\WINDOWS\SYSTEM32\dhcpcsvc.DLL
[1015/011845.698:ERROR:process_memory_win.cc(73)] ReadMemory at 0x7ffca6640000 of 64 bytes failed: Only part of a ReadProcessMemory or WriteProcessMemory request was completed. (0x12B)
[1015/011845.698:WARNING:pe_image_reader.cc(340)] could not read dos header from C:\WINDOWS\System32\NSI.dll
[1015/011845.698:ERROR:process_memory_win.cc(73)] ReadMemory at 0x7ffca3150000 of 64 bytes failed: Only part of a ReadProcessMemory or WriteProcessMemory request was completed. (0x12B)
[1015/011845.698:WARNING:pe_image_reader.cc(340)] could not read dos header from C:\WINDOWS\SYSTEM32\WINMMBASE.dll
[1015/011845.698:ERROR:process_memory_win.cc(73)] ReadMemory at 0x7ffca54d0000 of 64 bytes failed: Only part of a ReadProcessMemory or WriteProcessMemory request was completed. (0x12B)
[1015/011845.698:WARNING:pe_image_reader.cc(340)] could not read dos header from C:\WINDOWS\System32\cfgmgr32.dll
[1015/011845.699:ERROR:process_memory_win.cc(73)] ReadMemory at 0x7ffca1590000 of 64 bytes failed: Only part of a ReadProcessMemory or WriteProcessMemory request was completed. (0x12B)
[1015/011845.699:WARNING:pe_image_reader.cc(340)] could not read dos header from C:\WINDOWS\SYSTEM32\PROPSYS.dll
[1015/011845.699:ERROR:process_memory_win.cc(73)] ReadMemory at 0x7ffca6650000 of 64 bytes failed: Only part of a ReadProcessMemory or WriteProcessMemory request was completed. (0x12B)
[1015/011845.699:WARNING:pe_image_reader.cc(340)] could not read dos header from C:\WINDOWS\System32\shcore.dll
[1015/011845.699:ERROR:process_memory_win.cc(73)] ReadMemory at 0x7ffca4a60000 of 64 bytes failed: Only part of a ReadProcessMemory or WriteProcessMemory request was completed. (0x12B)
[1015/011845.699:WARNING:pe_image_reader.cc(340)] could not read dos header from C:\WINDOWS\SYSTEM32\NTASN1.dll
[1015/011845.699:ERROR:process_memory_win.cc(73)] ReadMemory at 0x7ffca4ec0000 of 64 bytes failed: Only part of a ReadProcessMemory or WriteProcessMemory request was completed. (0x12B)
[1015/011845.699:WARNING:pe_image_reader.cc(340)] could not read dos header from C:\WINDOWS\SYSTEM32\SSPICLI.DLL
[1015/011845.699:ERROR:process_memory_win.cc(73)] ReadMemory at 0x7ffca49a0000 of 64 bytes failed: Only part of a ReadProcessMemory or WriteProcessMemory request was completed. (0x12B)
[1015/011845.699:WARNING:pe_image_reader.cc(340)] could not read dos header from C:\WINDOWS\SYSTEM32\CRYPTBASE.DLL
[1015/011845.703:ERROR:process_memory_win.cc(73)] ReadMemory at 0x7ff72df90000 of 64 bytes failed: Only part of a ReadProcessMemory or WriteProcessMemory request was completed. (0x12B)
[1015/011845.703:WARNING:pe_image_reader.cc(340)] could not read dos header from C:\Program Files (x86)\Microsoft\Edge\Application\msedge.exe
[1015/011845.703:ERROR:process_memory_win.cc(73)] ReadMemory at 0x7ffca8120000 of 64 bytes failed: Only part of a ReadProcessMemory or WriteProcessMemory request was completed. (0x12B)
[1015/011845.703:WARNING:pe_image_reader.cc(340)] could not read dos header from C:\WINDOWS\SYSTEM32\ntdll.dll
[1015/011845.703:ERROR:process_memory_win.cc(73)] ReadMemory at 0x7ffca7cd0000 of 64 bytes failed: Only part of a ReadProcessMemory or WriteProcessMemory request was completed. (0x12B)
[1015/011845.703:WARNING:pe_image_reader.cc(340)] could not read dos header from C:\WINDOWS\System32\KERNEL32.DLL
[1015/011845.703:ERROR:process_memory_win.cc(73)] ReadMemory at 0x7ffca5cd0000 of 64 bytes failed: Only part of a ReadProcessMemory or WriteProcessMemory request was completed. (0x12B)
[1015/011845.703:WARNING:pe_image_reader.cc(340)] could not read dos header from C:\WINDOWS\System32\KERNELBASE.dll
[1015/011845.703:ERROR:process_memory_win.cc(73)] ReadMemory at 0x7ffc78970000 of 64 bytes failed: Only part of a ReadProcessMemory or WriteProcessMemory request was completed. (0x12B)
[1015/011845.703:WARNING:pe_image_reader.cc(340)] could not read dos header from C:\Program Files (x86)\Microsoft\Edge\Application\86.0.622.38\msedge_elf.dll
[1015/011845.703:ERROR:process_memory_win.cc(73)] ReadMemory at 0x7ffca6590000 of 64 bytes failed: Only part of a ReadProcessMemory or WriteProcessMemory request was completed. (0x12B)
[1015/011845.703:WARNING:pe_image_reader.cc(340)] could not read dos header from C:\WINDOWS\System32\ADVAPI32.dll
[1015/011845.703:ERROR:process_memory_win.cc(73)] ReadMemory at 0x7ffca7fd0000 of 64 bytes failed: Only part of a ReadProcessMemory or WriteProcessMemory request was completed. (0x12B)
[1015/011845.703:WARNING:pe_image_reader.cc(340)] could not read dos header from C:\WINDOWS\System32\msvcrt.dll
[1015/011845.704:ERROR:process_memory_win.cc(73)] ReadMemory at 0x7ffca6760000 of 64 bytes failed: Only part of a ReadProcessMemory or WriteProcessMemory request was completed. (0x12B)
[1015/011845.704:WARNING:pe_image_reader.cc(340)] could not read dos header from C:\WINDOWS\System32\sechost.dll
[1015/011845.704:ERROR:process_memory_win.cc(73)] ReadMemory at 0x7ffca71e0000 of 64 bytes failed: Only part of a ReadProcessMemory or WriteProcessMemory request was completed. (0x12B)
[1015/011845.704:WARNING:pe_image_reader.cc(340)] could not read dos header from C:\WINDOWS\System32\RPCRT4.dll
[1015/011845.704:ERROR:process_memory_win.cc(73)] ReadMemory at 0x7ffca51b0000 of 64 bytes failed: Only part of a ReadProcessMemory or WriteProcessMemory request was completed. (0x12B)
[1015/011845.704:WARNING:pe_image_reader.cc(340)] could not read dos header from C:\WINDOWS\System32\bcryptPrimitives.dll
[1015/011845.704:ERROR:process_memory_win.cc(73)] ReadMemory at 0x7ffc3cc90000 of 64 bytes failed: Only part of a ReadProcessMemory or WriteProcessMemory request was completed. (0x12B)
[1015/011845.704:WARNING:pe_image_reader.cc(340)] could not read dos header from C:\Program Files (x86)\Microsoft\Edge\Application\86.0.622.38\msedge.dll
[1015/011845.704:ERROR:process_memory_win.cc(73)] ReadMemory at 0x7ffca8070000 of 64 bytes failed: Only part of a ReadProcessMemory or WriteProcessMemory request was completed. (0x12B)
[1015/011845.704:WARNING:pe_image_reader.cc(340)] could not read dos header from C:\WINDOWS\System32\WS2_32.dll
[1015/011845.704:ERROR:process_memory_win.cc(73)] ReadMemory at 0x7ffca7ad0000 of 64 bytes failed: Only part of a ReadProcessMemory or WriteProcessMemory request was completed. (0x12B)
[1015/011845.704:WARNING:pe_image_reader.cc(340)] could not read dos header from C:\WINDOWS\System32\OLEAUT32.dll
[1015/011845.704:ERROR:process_memory_win.cc(73)] ReadMemory at 0x7ffca6130000 of 64 bytes failed: Only part of a ReadProcessMemory or WriteProcessMemory request was completed. (0x12B)
[1015/011845.704:WARNING:pe_image_reader.cc(340)] could not read dos header from C:\WINDOWS\System32\msvcp_win.dll
[1015/011845.704:ERROR:process_memory_win.cc(73)] ReadMemory at 0x7ffca53d0000 of 64 bytes failed: Only part of a ReadProcessMemory or WriteProcessMemory request was completed. (0x12B)
[1015/011845.704:WARNING:pe_image_reader.cc(340)] could not read dos header from C:\WINDOWS\System32\ucrtbase.dll
[1015/011845.704:ERROR:process_memory_win.cc(73)] ReadMemory at 0x7ffca6c90000 of 64 bytes failed: Only part of a ReadProcessMemory or WriteProcessMemory request was completed. (0x12B)
[1015/011845.704:WARNING:pe_image_reader.cc(340)] could not read dos header from C:\WINDOWS\System32\combase.dll
[1015/011845.704:ERROR:process_memory_win.cc(73)] ReadMemory at 0x7ffca60d0000 of 64 bytes failed: Only part of a ReadProcessMemory or WriteProcessMemory request was completed. (0x12B)
[1015/011845.704:WARNING:pe_image_reader.cc(340)] could not read dos header from C:\WINDOWS\System32\WINTRUST.dll
[1015/011845.704:ERROR:process_memory_win.cc(73)] ReadMemory at 0x7ffca5040000 of 64 bytes failed: Only part of a ReadProcessMemory or WriteProcessMemory request was completed. (0x12B)
[1015/011845.704:WARNING:pe_image_reader.cc(340)] could not read dos header from C:\WINDOWS\System32\MSASN1.dll
[1015/011845.704:ERROR:process_memory_win.cc(73)] ReadMemory at 0x7ffca5f80000 of 64 bytes failed: Only part of a ReadProcessMemory or WriteProcessMemory request was completed. (0x12B)
[1015/011845.705:WARNING:pe_image_reader.cc(340)] could not read dos header from C:\WINDOWS\System32\CRYPT32.dll
[1015/011845.705:ERROR:process_memory_win.cc(73)] ReadMemory at 0x7ffca1750000 of 64 bytes failed: Only part of a ReadProcessMemory or WriteProcessMemory request was completed. (0x12B)
[1015/011845.705:WARNING:pe_image_reader.cc(340)] could not read dos header from C:\WINDOWS\SYSTEM32\dbghelp.dll
[1015/011845.705:ERROR:process_memory_win.cc(73)] ReadMemory at 0x7ffca44e0000 of 64 bytes failed: Only part of a ReadProcessMemory or WriteProcessMemory request was completed. (0x12B)
[1015/011845.705:WARNING:pe_image_reader.cc(340)] could not read dos header from C:\WINDOWS\SYSTEM32\IPHLPAPI.DLL
[1015/011845.705:ERROR:process_memory_win.cc(73)] ReadMemory at 0x7ffca3180000 of 64 bytes failed: Only part of a ReadProcessMemory or WriteProcessMemory request was completed. (0x12B)
[1015/011845.705:WARNING:pe_image_reader.cc(340)] could not read dos header from C:\WINDOWS\SYSTEM32\WINMM.dll
[1015/011845.705:ERROR:process_memory_win.cc(73)] ReadMemory at 0x7ffc71f70000 of 64 bytes failed: Only part of a ReadProcessMemory or WriteProcessMemory request was completed. (0x12B)
[1015/011845.705:WARNING:pe_image_reader.cc(340)] could not read dos header from C:\WINDOWS\SYSTEM32\UIAutomationCore.DLL
[1015/011845.705:ERROR:process_memory_win.cc(73)] ReadMemory at 0x7ffc90560000 of 64 bytes failed: Only part of a ReadProcessMemory or WriteProcessMemory request was completed. (0x12B)
[1015/011845.705:WARNING:pe_image_reader.cc(340)] could not read dos header from C:\WINDOWS\SYSTEM32\Secur32.dll
[1015/011845.705:ERROR:process_memory_win.cc(73)] ReadMemory at 0x7ffca4f00000 of 64 bytes failed: Only part of a ReadProcessMemory or WriteProcessMemory request was completed. (0x12B)
[1015/011845.705:WARNING:pe_image_reader.cc(340)] could not read dos header from C:\WINDOWS\SYSTEM32\USERENV.dll
[1015/011845.705:ERROR:process_memory_win.cc(73)] ReadMemory at 0x7ffca5080000 of 64 bytes failed: Only part of a ReadProcessMemory or WriteProcessMemory request was completed. (0x12B)
[1015/011845.705:WARNING:pe_image_reader.cc(340)] could not read dos header from C:\WINDOWS\System32\profapi.dll
[1015/011845.705:ERROR:process_memory_win.cc(73)] ReadMemory at 0x7ffc92950000 of 64 bytes failed: Only part of a ReadProcessMemory or WriteProcessMemory request was completed. (0x12B)
[1015/011845.705:WARNING:pe_image_reader.cc(340)] could not read dos header from C:\WINDOWS\SYSTEM32\DWrite.dll
[1015/011845.705:ERROR:process_memory_win.cc(73)] ReadMemory at 0x7ffc9e060000 of 64 bytes failed: Only part of a ReadProcessMemory or WriteProcessMemory request was completed. (0x12B)
[1015/011845.705:WARNING:pe_image_reader.cc(340)] could not read dos header from C:\WINDOWS\SYSTEM32\WINHTTP.dll
[1015/011845.705:ERROR:process_memory_win.cc(73)] ReadMemory at 0x7ffc9e250000 of 64 bytes failed: Only part of a ReadProcessMemory or WriteProcessMemory request was completed. (0x12B)
[1015/011845.705:WARNING:pe_image_reader.cc(340)] could not read dos header from C:\WINDOWS\SYSTEM32\WINSPOOL.DRV
[1015/011845.705:ERROR:process_memory_win.cc(73)] ReadMemory at 0x7ffca5060000 of 64 bytes failed: Only part of a ReadProcessMemory or WriteProcessMemory request was completed. (0x12B)
[1015/011845.706:WARNING:pe_image_reader.cc(340)] could not read dos header from C:\WINDOWS\System32\kernel.appcore.dll
[1015/011845.706:ERROR:process_memory_win.cc(73)] ReadMemory at 0x7ffca5ca0000 of 64 bytes failed: Only part of a ReadProcessMemory or WriteProcessMemory request was completed. (0x12B)
[1015/011845.706:WARNING:pe_image_reader.cc(340)] could not read dos header from C:\WINDOWS\System32\bcrypt.dll
[1015/011845.706:ERROR:process_memory_win.cc(73)] ReadMemory at 0x7ffca4aa0000 of 64 bytes failed: Only part of a ReadProcessMemory or WriteProcessMemory request was completed. (0x12B)
[1015/011845.706:WARNING:pe_image_reader.cc(340)] could not read dos header from C:\WINDOWS\SYSTEM32\ncrypt.dll
[1015/011845.706:ERROR:process_memory_win.cc(73)] ReadMemory at 0x7ffc9c710000 of 64 bytes failed: Only part of a ReadProcessMemory or WriteProcessMemory request was completed. (0x12B)
[1015/011845.706:WARNING:pe_image_reader.cc(340)] could not read dos header from C:\WINDOWS\SYSTEM32\dhcpcsvc.DLL
[1015/011845.706:ERROR:process_memory_win.cc(73)] ReadMemory at 0x7ffca6640000 of 64 bytes failed: Only part of a ReadProcessMemory or WriteProcessMemory request was completed. (0x12B)
[1015/011845.706:WARNING:pe_image_reader.cc(340)] could not read dos header from C:\WINDOWS\System32\NSI.dll
[1015/011845.706:ERROR:process_memory_win.cc(73)] ReadMemory at 0x7ffca3150000 of 64 bytes failed: Only part of a ReadProcessMemory or WriteProcessMemory request was completed. (0x12B)
[1015/011845.706:WARNING:pe_image_reader.cc(340)] could not read dos header from C:\WINDOWS\SYSTEM32\WINMMBASE.dll
[1015/011845.706:ERROR:process_memory_win.cc(73)] ReadMemory at 0x7ffca54d0000 of 64 bytes failed: Only part of a ReadProcessMemory or WriteProcessMemory request was completed. (0x12B)
[1015/011845.706:WARNING:pe_image_reader.cc(340)] could not read dos header from C:\WINDOWS\System32\cfgmgr32.dll
[1015/011845.706:ERROR:process_memory_win.cc(73)] ReadMemory at 0x7ffca1590000 of 64 bytes failed: Only part of a ReadProcessMemory or WriteProcessMemory request was completed. (0x12B)
[1015/011845.706:WARNING:pe_image_reader.cc(340)] could not read dos header from C:\WINDOWS\SYSTEM32\PROPSYS.dll
[1015/011845.706:ERROR:process_memory_win.cc(73)] ReadMemory at 0x7ffca6650000 of 64 bytes failed: Only part of a ReadProcessMemory or WriteProcessMemory request was completed. (0x12B)
[1015/011845.706:WARNING:pe_image_reader.cc(340)] could not read dos header from C:\WINDOWS\System32\shcore.dll
[1015/011845.706:ERROR:process_memory_win.cc(73)] ReadMemory at 0x7ffca4a60000 of 64 bytes failed: Only part of a ReadProcessMemory or WriteProcessMemory request was completed. (0x12B)
[1015/011845.706:WARNING:pe_image_reader.cc(340)] could not read dos header from C:\WINDOWS\SYSTEM32\NTASN1.dll
[1015/011845.706:ERROR:process_memory_win.cc(73)] ReadMemory at 0x7ffca4ec0000 of 64 bytes failed: Only part of a ReadProcessMemory or WriteProcessMemory request was completed. (0x12B)
[1015/011845.706:WARNING:pe_image_reader.cc(340)] could not read dos header from C:\WINDOWS\SYSTEM32\SSPICLI.DLL
[1015/011845.706:ERROR:process_memory_win.cc(73)] ReadMemory at 0x7ffca49a0000 of 64 bytes failed: Only part of a ReadProcessMemory or WriteProcessMemory request was completed. (0x12B)
[1015/011845.707:WARNING:pe_image_reader.cc(340)] could not read dos header from C:\WINDOWS\SYSTEM32\CRYPTBASE.DLL
[1015/011845.707:ERROR:process_memory_win.cc(73)] ReadMemory at 0x7ff72df90000 of 64 bytes failed: Only part of a ReadProcessMemory or WriteProcessMemory request was completed. (0x12B)
[1015/011845.707:WARNING:pe_image_reader.cc(340)] could not read dos header from C:\Program Files (x86)\Microsoft\Edge\Application\msedge.exe
[1015/011845.707:ERROR:process_memory_win.cc(73)] ReadMemory at 0x7ffca8120000 of 64 bytes failed: Only part of a ReadProcessMemory or WriteProcessMemory request was completed. (0x12B)
[1015/011845.707:WARNING:pe_image_reader.cc(340)] could not read dos header from C:\WINDOWS\SYSTEM32\ntdll.dll
[1015/011845.707:ERROR:process_memory_win.cc(73)] ReadMemory at 0x7ffca7cd0000 of 64 bytes failed: Only part of a ReadProcessMemory or WriteProcessMemory request was completed. (0x12B)
[1015/011845.707:WARNING:pe_image_reader.cc(340)] could not read dos header from C:\WINDOWS\System32\KERNEL32.DLL
[1015/011845.707:ERROR:process_memory_win.cc(73)] ReadMemory at 0x7ffca5cd0000 of 64 bytes failed: Only part of a ReadProcessMemory or WriteProcessMemory request was completed. (0x12B)
[1015/011845.707:WARNING:pe_image_reader.cc(340)] could not read dos header from C:\WINDOWS\System32\KERNELBASE.dll
[1015/011845.707:ERROR:process_memory_win.cc(73)] ReadMemory at 0x7ffc78970000 of 64 bytes failed: Only part of a ReadProcessMemory or WriteProcessMemory request was completed. (0x12B)
[1015/011845.707:WARNING:pe_image_reader.cc(340)] could not read dos header from C:\Program Files (x86)\Microsoft\Edge\Application\86.0.622.38\msedge_elf.dll
[1015/011845.707:ERROR:process_memory_win.cc(73)] ReadMemory at 0x7ffca6590000 of 64 bytes failed: Only part of a ReadProcessMemory or WriteProcessMemory request was completed. (0x12B)
[1015/011845.707:WARNING:pe_image_reader.cc(340)] could not read dos header from C:\WINDOWS\System32\ADVAPI32.dll
[1015/011845.707:ERROR:process_memory_win.cc(73)] ReadMemory at 0x7ffca7fd0000 of 64 bytes failed: Only part of a ReadProcessMemory or WriteProcessMemory request was completed. (0x12B)
[1015/011845.707:WARNING:pe_image_reader.cc(340)] could not read dos header from C:\WINDOWS\System32\msvcrt.dll
[1015/011845.707:ERROR:process_memory_win.cc(73)] ReadMemory at 0x7ffca6760000 of 64 bytes failed: Only part of a ReadProcessMemory or WriteProcessMemory request was completed. (0x12B)
[1015/011845.707:WARNING:pe_image_reader.cc(340)] could not read dos header from C:\WINDOWS\System32\sechost.dll
[1015/011845.707:ERROR:process_memory_win.cc(73)] ReadMemory at 0x7ffca71e0000 of 64 bytes failed: Only part of a ReadProcessMemory or WriteProcessMemory request was completed. (0x12B)
[1015/011845.707:WARNING:pe_image_reader.cc(340)] could not read dos header from C:\WINDOWS\System32\RPCRT4.dll
[1015/011845.708:ERROR:process_memory_win.cc(73)] ReadMemory at 0x7ffca51b0000 of 64 bytes failed: Only part of a ReadProcessMemory or WriteProcessMemory request was completed. (0x12B)
[1015/011845.708:WARNING:pe_image_reader.cc(340)] could not read dos header from C:\WINDOWS\System32\bcryptPrimitives.dll
[1015/011845.708:ERROR:process_memory_win.cc(73)] ReadMemory at 0x7ffc3cc90000 of 64 bytes failed: Only part of a ReadProcessMemory or WriteProcessMemory request was completed. (0x12B)
[1015/011845.708:WARNING:pe_image_reader.cc(340)] could not read dos header from C:\Program Files (x86)\Microsoft\Edge\Application\86.0.622.38\msedge.dll
[1015/011845.708:ERROR:process_memory_win.cc(73)] ReadMemory at 0x7ffca8070000 of 64 bytes failed: Only part of a ReadProcessMemory or WriteProcessMemory request was completed. (0x12B)
[1015/011845.708:WARNING:pe_image_reader.cc(340)] could not read dos header from C:\WINDOWS\System32\WS2_32.dll
[1015/011845.708:ERROR:process_memory_win.cc(73)] ReadMemory at 0x7ffca7ad0000 of 64 bytes failed: Only part of a ReadProcessMemory or WriteProcessMemory request was completed. (0x12B)
[1015/011845.708:WARNING:pe_image_reader.cc(340)] could not read dos header from C:\WINDOWS\System32\OLEAUT32.dll
[1015/011845.708:ERROR:process_memory_win.cc(73)] ReadMemory at 0x7ffca6130000 of 64 bytes failed: Only part of a ReadProcessMemory or WriteProcessMemory request was completed. (0x12B)
[1015/011845.708:WARNING:pe_image_reader.cc(340)] could not read dos header from C:\WINDOWS\System32\msvcp_win.dll
[1015/011845.708:ERROR:process_memory_win.cc(73)] ReadMemory at 0x7ffca53d0000 of 64 bytes failed: Only part of a ReadProcessMemory or WriteProcessMemory request was completed. (0x12B)
[1015/011845.708:WARNING:pe_image_reader.cc(340)] could not read dos header from C:\WINDOWS\System32\ucrtbase.dll
[1015/011845.708:ERROR:process_memory_win.cc(73)] ReadMemory at 0x7ffca6c90000 of 64 bytes failed: Only part of a ReadProcessMemory or WriteProcessMemory request was completed. (0x12B)
[1015/011845.708:WARNING:pe_image_reader.cc(340)] could not read dos header from C:\WINDOWS\System32\combase.dll
[1015/011845.708:ERROR:process_memory_win.cc(73)] ReadMemory at 0x7ffca60d0000 of 64 bytes failed: Only part of a ReadProcessMemory or WriteProcessMemory request was completed. (0x12B)
[1015/011845.708:WARNING:pe_image_reader.cc(340)] could not read dos header from C:\WINDOWS\System32\WINTRUST.dll
[1015/011845.708:ERROR:process_memory_win.cc(73)] ReadMemory at 0x7ffca5040000 of 64 bytes failed: Only part of a ReadProcessMemory or WriteProcessMemory request was completed. (0x12B)
[1015/011845.708:WARNING:pe_image_reader.cc(340)] could not read dos header from C:\WINDOWS\System32\MSASN1.dll
[1015/011845.708:ERROR:process_memory_win.cc(73)] ReadMemory at 0x7ffca5f80000 of 64 bytes failed: Only part of a ReadProcessMemory or WriteProcessMemory request was completed. (0x12B)
[1015/011845.708:WARNING:pe_image_reader.cc(340)] could not read dos header from C:\WINDOWS\System32\CRYPT32.dll
[1015/011845.708:ERROR:process_memory_win.cc(73)] ReadMemory at 0x7ffca1750000 of 64 bytes failed: Only part of a ReadProcessMemory or WriteProcessMemory request was completed. (0x12B)
[1015/011845.709:WARNING:pe_image_reader.cc(340)] could not read dos header from C:\WINDOWS\SYSTEM32\dbghelp.dll
[1015/011845.709:ERROR:process_memory_win.cc(73)] ReadMemory at 0x7ffca44e0000 of 64 bytes failed: Only part of a ReadProcessMemory or WriteProcessMemory request was completed. (0x12B)
[1015/011845.709:WARNING:pe_image_reader.cc(340)] could not read dos header from C:\WINDOWS\SYSTEM32\IPHLPAPI.DLL
[1015/011845.709:ERROR:process_memory_win.cc(73)] ReadMemory at 0x7ffca3180000 of 64 bytes failed: Only part of a ReadProcessMemory or WriteProcessMemory request was completed. (0x12B)
[1015/011845.709:WARNING:pe_image_reader.cc(340)] could not read dos header from C:\WINDOWS\SYSTEM32\WINMM.dll
[1015/011845.709:ERROR:process_memory_win.cc(73)] ReadMemory at 0x7ffc71f70000 of 64 bytes failed: Only part of a ReadProcessMemory or WriteProcessMemory request was completed. (0x12B)
[1015/011845.709:WARNING:pe_image_reader.cc(340)] could not read dos header from C:\WINDOWS\SYSTEM32\UIAutomationCore.DLL
[1015/011845.709:ERROR:process_memory_win.cc(73)] ReadMemory at 0x7ffc90560000 of 64 bytes failed: Only part of a ReadProcessMemory or WriteProcessMemory request was completed. (0x12B)
[1015/011845.709:WARNING:pe_image_reader.cc(340)] could not read dos header from C:\WINDOWS\SYSTEM32\Secur32.dll
[1015/011845.709:ERROR:process_memory_win.cc(73)] ReadMemory at 0x7ffca4f00000 of 64 bytes failed: Only part of a ReadProcessMemory or WriteProcessMemory request was completed. (0x12B)
[1015/011845.709:WARNING:pe_image_reader.cc(340)] could not read dos header from C:\WINDOWS\SYSTEM32\USERENV.dll
[1015/011845.709:ERROR:process_memory_win.cc(73)] ReadMemory at 0x7ffca5080000 of 64 bytes failed: Only part of a ReadProcessMemory or WriteProcessMemory request was completed. (0x12B)
[1015/011845.709:WARNING:pe_image_reader.cc(340)] could not read dos header from C:\WINDOWS\System32\profapi.dll
[1015/011845.709:ERROR:process_memory_win.cc(73)] ReadMemory at 0x7ffc92950000 of 64 bytes failed: Only part of a ReadProcessMemory or WriteProcessMemory request was completed. (0x12B)
[1015/011845.709:WARNING:pe_image_reader.cc(340)] could not read dos header from C:\WINDOWS\SYSTEM32\DWrite.dll
[1015/011845.709:ERROR:process_memory_win.cc(73)] ReadMemory at 0x7ffc9e060000 of 64 bytes failed: Only part of a ReadProcessMemory or WriteProcessMemory request was completed. (0x12B)
[1015/011845.709:WARNING:pe_image_reader.cc(340)] could not read dos header from C:\WINDOWS\SYSTEM32\WINHTTP.dll
[1015/011845.709:ERROR:process_memory_win.cc(73)] ReadMemory at 0x7ffc9e250000 of 64 bytes failed: Only part of a ReadProcessMemory or WriteProcessMemory request was completed. (0x12B)
[1015/011845.709:WARNING:pe_image_reader.cc(340)] could not read dos header from C:\WINDOWS\SYSTEM32\WINSPOOL.DRV
[1015/011845.709:ERROR:process_memory_win.cc(73)] ReadMemory at 0x7ffca5060000 of 64 bytes failed: Only part of a ReadProcessMemory or WriteProcessMemory request was completed. (0x12B)
[1015/011845.709:WARNING:pe_image_reader.cc(340)] could not read dos header from C:\WINDOWS\System32\kernel.appcore.dll
[1015/011845.709:ERROR:process_memory_win.cc(73)] ReadMemory at 0x7ffca5ca0000 of 64 bytes failed: Only part of a ReadProcessMemory or WriteProcessMemory request was completed. (0x12B)
[1015/011845.709:WARNING:pe_image_reader.cc(340)] could not read dos header from C:\WINDOWS\System32\bcrypt.dll
[1015/011845.709:ERROR:process_memory_win.cc(73)] ReadMemory at 0x7ffca4aa0000 of 64 bytes failed: Only part of a ReadProcessMemory or WriteProcessMemory request was completed. (0x12B)
[1015/011845.710:WARNING:pe_image_reader.cc(340)] could not read dos header from C:\WINDOWS\SYSTEM32\ncrypt.dll
[1015/011845.710:ERROR:process_memory_win.cc(73)] ReadMemory at 0x7ffc9c710000 of 64 bytes failed: Only part of a ReadProcessMemory or WriteProcessMemory request was completed. (0x12B)
[1015/011845.710:WARNING:pe_image_reader.cc(340)] could not read dos header from C:\WINDOWS\SYSTEM32\dhcpcsvc.DLL
[1015/011845.710:ERROR:process_memory_win.cc(73)] ReadMemory at 0x7ffca6640000 of 64 bytes failed: Only part of a ReadProcessMemory or WriteProcessMemory request was completed. (0x12B)
[1015/011845.710:WARNING:pe_image_reader.cc(340)] could not read dos header from C:\WINDOWS\System32\NSI.dll
[1015/011845.710:ERROR:process_memory_win.cc(73)] ReadMemory at 0x7ffca3150000 of 64 bytes failed: Only part of a ReadProcessMemory or WriteProcessMemory request was completed. (0x12B)
[1015/011845.710:WARNING:pe_image_reader.cc(340)] could not read dos header from C:\WINDOWS\SYSTEM32\WINMMBASE.dll
[1015/011845.710:ERROR:process_memory_win.cc(73)] ReadMemory at 0x7ffca54d0000 of 64 bytes failed: Only part of a ReadProcessMemory or WriteProcessMemory request was completed. (0x12B)
[1015/011845.710:WARNING:pe_image_reader.cc(340)] could not read dos header from C:\WINDOWS\System32\cfgmgr32.dll
[1015/011845.710:ERROR:process_memory_win.cc(73)] ReadMemory at 0x7ffca1590000 of 64 bytes failed: Only part of a ReadProcessMemory or WriteProcessMemory request was completed. (0x12B)
[1015/011845.710:WARNING:pe_image_reader.cc(340)] could not read dos header from C:\WINDOWS\SYSTEM32\PROPSYS.dll
[1015/011845.710:ERROR:process_memory_win.cc(73)] ReadMemory at 0x7ffca6650000 of 64 bytes failed: Only part of a ReadProcessMemory or WriteProcessMemory request was completed. (0x12B)
[1015/011845.710:WARNING:pe_image_reader.cc(340)] could not read dos header from C:\WINDOWS\System32\shcore.dll
[1015/011845.710:ERROR:process_memory_win.cc(73)] ReadMemory at 0x7ffca4a60000 of 64 bytes failed: Only part of a ReadProcessMemory or WriteProcessMemory request was completed. (0x12B)
[1015/011845.710:WARNING:pe_image_reader.cc(340)] could not read dos header from C:\WINDOWS\SYSTEM32\NTASN1.dll
[1015/011845.710:ERROR:process_memory_win.cc(73)] ReadMemory at 0x7ffca4ec0000 of 64 bytes failed: Only part of a ReadProcessMemory or WriteProcessMemory request was completed. (0x12B)
[1015/011845.710:WARNING:pe_image_reader.cc(340)] could not read dos header from C:\WINDOWS\SYSTEM32\SSPICLI.DLL
[1015/011845.710:ERROR:process_memory_win.cc(73)] ReadMemory at 0x7ffca49a0000 of 64 bytes failed: Only part of a ReadProcessMemory or WriteProcessMemory request was completed. (0x12B)
[1015/011845.710:WARNING:pe_image_reader.cc(340)] could not read dos header from C:\WINDOWS\SYSTEM32\CRYPTBASE.DLL
[1015/011845.756:ERROR:process_memory_win.cc(73)] ReadMemory at 0x7e5d815000 of 852 bytes failed: Only part of a ReadProcessMemory or WriteProcessMemory request was completed. (0x12B)
[1015/011845.757:ERROR:process_memory_win.cc(73)] ReadMemory at 0x210f90502c0 of 40 bytes failed: Only part of a ReadProcessMemory or WriteProcessMemory request was completed. (0x12B)
[1015/011845.757:ERROR:process_memory_win.cc(73)] ReadMemory at 0x210f90602c0 of 40 bytes failed: Only part of a ReadProcessMemory or WriteProcessMemory request was completed. (0x12B)
[1015/011845.757:ERROR:process_memory_win.cc(73)] ReadMemory at 0x210f91a02c0 of 40 bytes failed: Only part of a ReadProcessMemory or WriteProcessMemory request was completed. (0x12B)
[1015/011845.757:ERROR:process_memory_win.cc(73)] ReadMemory at 0x210f91a0fe0 of 11920 bytes failed: Only part of a ReadProcessMemory or WriteProcessMemory request was completed. (0x12B)
[1015/011845.757:ERROR:process_memory_win.cc(73)] ReadMemory at 0x210f91a3e80 of 1012 bytes failed: Only part of a ReadProcessMemory or WriteProcessMemory request was completed. (0x12B)
[1015/011845.757:ERROR:process_memory_win.cc(73)] ReadMemory at 0x210f91a44c8 of 120 bytes failed: Only part of a ReadProcessMemory or WriteProcessMemory request was completed. (0x12B)
[1015/011845.758:ERROR:process_memory_win.cc(73)] ReadMemory at 0x210f91a4542 of 796 bytes failed: Only part of a ReadProcessMemory or WriteProcessMemory request was completed. (0x12B)
[1015/011845.758:ERROR:process_memory_win.cc(73)] ReadMemory at 0x210f91a4860 of 120 bytes failed: Only part of a ReadProcessMemory or WriteProcessMemory request was completed. (0x12B)
[1015/011845.758:ERROR:process_memory_win.cc(73)] ReadMemory at 0x210f91a48da of 100 bytes failed: Only part of a ReadProcessMemory or WriteProcessMemory request was completed. (0x12B)
[1015/011845.758:ERROR:process_memory_win.cc(73)] ReadMemory at 0x210f91a4950 of 58 bytes failed: Only part of a ReadProcessMemory or WriteProcessMemory request was completed. (0x12B)
[1015/011845.758:ERROR:process_memory_win.cc(73)] ReadMemory at 0x210f91a4a50 of 132 bytes failed: Only part of a ReadProcessMemory or WriteProcessMemory request was completed. (0x12B)
[1015/011845.758:ERROR:process_memory_win.cc(73)] ReadMemory at 0x210f91a4be0 of 132 bytes failed: Only part of a ReadProcessMemory or WriteProcessMemory request was completed. (0x12B)
[1015/011845.759:ERROR:process_memory_win.cc(73)] ReadMemory at 0x210f91a52a0 of 132 bytes failed: Only part of a ReadProcessMemory or WriteProcessMemory request was completed. (0x12B)
[1015/011845.759:ERROR:process_memory_win.cc(73)] ReadMemory at 0x210f91a5430 of 64 bytes failed: Only part of a ReadProcessMemory or WriteProcessMemory request was completed. (0x12B)
[1015/011845.759:ERROR:process_memory_win.cc(73)] ReadMemory at 0x210f91a55f0 of 132 bytes failed: Only part of a ReadProcessMemory or WriteProcessMemory request was completed. (0x12B)
[1015/011845.759:ERROR:process_memory_win.cc(73)] ReadMemory at 0x210f91a5890 of 132 bytes failed: Only part of a ReadProcessMemory or WriteProcessMemory request was completed. (0x12B)
[1015/011845.759:ERROR:process_memory_win.cc(73)] ReadMemory at 0x210f91a5a20 of 68 bytes failed: Only part of a ReadProcessMemory or WriteProcessMemory request was completed. (0x12B)
[1015/011845.759:ERROR:process_memory_win.cc(73)] ReadMemory at 0x210f91a6a20 of 152 bytes failed: Only part of a ReadProcessMemory or WriteProcessMemory request was completed. (0x12B)
[1015/011845.760:ERROR:process_memory_win.cc(73)] ReadMemory at 0x210f91af160 of 62 bytes failed: Only part of a ReadProcessMemory or WriteProcessMemory request was completed. (0x12B)
[1015/011845.760:ERROR:process_memory_win.cc(73)] ReadMemory at 0x210f91af1b0 of 60 bytes failed: Only part of a ReadProcessMemory or WriteProcessMemory request was completed. (0x12B)
[1015/011845.760:ERROR:process_memory_win.cc(73)] ReadMemory at 0x210f91af700 of 64 bytes failed: Only part of a ReadProcessMemory or WriteProcessMemory request was completed. (0x12B)
[1015/011845.760:ERROR:process_memory_win.cc(73)] ReadMemory at 0x210f91af750 of 60 bytes failed: Only part of a ReadProcessMemory or WriteProcessMemory request was completed. (0x12B)
[1015/011845.760:ERROR:process_memory_win.cc(73)] ReadMemory at 0x210f91b77b0 of 132 bytes failed: Only part of a ReadProcessMemory or WriteProcessMemory request was completed. (0x12B)
[1015/011845.760:ERROR:process_memory_win.cc(73)] ReadMemory at 0x210f91b7ad0 of 132 bytes failed: Only part of a ReadProcessMemory or WriteProcessMemory request was completed. (0x12B)
[1015/011845.760:ERROR:process_memory_win.cc(73)] ReadMemory at 0x210f91b7d10 of 132 bytes failed: Only part of a ReadProcessMemory or WriteProcessMemory request was completed. (0x12B)
[1015/011845.761:ERROR:process_memory_win.cc(73)] ReadMemory at 0x210f91b8020 of 132 bytes failed: Only part of a ReadProcessMemory or WriteProcessMemory request was completed. (0x12B)
[1015/011845.761:ERROR:process_memory_win.cc(73)] ReadMemory at 0x210f91bb020 of 62 bytes failed: Only part of a ReadProcessMemory or WriteProcessMemory request was completed. (0x12B)
[1015/011845.761:ERROR:process_memory_win.cc(73)] ReadMemory at 0x210f91bb0c0 of 64 bytes failed: Only part of a ReadProcessMemory or WriteProcessMemory request was completed. (0x12B)
[1015/011845.761:ERROR:process_memory_win.cc(73)] ReadMemory at 0x210f91bb110 of 60 bytes failed: Only part of a ReadProcessMemory or WriteProcessMemory request was completed. (0x12B)
[1015/011845.761:ERROR:process_memory_win.cc(73)] ReadMemory at 0x210f91bb160 of 60 bytes failed: Only part of a ReadProcessMemory or WriteProcessMemory request was completed. (0x12B)
[1015/011845.761:ERROR:process_memory_win.cc(73)] ReadMemory at 0x210f91bb200 of 62 bytes failed: Only part of a ReadProcessMemory or WriteProcessMemory request was completed. (0x12B)
[1015/011845.762:ERROR:process_memory_win.cc(73)] ReadMemory at 0x210f91bb2a0 of 60 bytes failed: Only part of a ReadProcessMemory or WriteProcessMemory request was completed. (0x12B)
[1015/011845.762:ERROR:process_memory_win.cc(73)] ReadMemory at 0x210f91bb340 of 62 bytes failed: Only part of a ReadProcessMemory or WriteProcessMemory request was completed. (0x12B)
[1015/011845.762:ERROR:process_memory_win.cc(73)] ReadMemory at 0x210f91bb480 of 64 bytes failed: Only part of a ReadProcessMemory or WriteProcessMemory request was completed. (0x12B)
[1015/011845.762:ERROR:process_memory_win.cc(73)] ReadMemory at 0x210f91bb4d0 of 62 bytes failed: Only part of a ReadProcessMemory or WriteProcessMemory request was completed. (0x12B)
[1015/011845.762:ERROR:process_memory_win.cc(73)] ReadMemory at 0x210f91bb5c0 of 66 bytes failed: Only part of a ReadProcessMemory or WriteProcessMemory request was completed. (0x12B)
[1015/011845.762:ERROR:process_memory_win.cc(73)] ReadMemory at 0x210f91bb610 of 60 bytes failed: Only part of a ReadProcessMemory or WriteProcessMemory request was completed. (0x12B)
[1015/011845.762:ERROR:process_memory_win.cc(73)] ReadMemory at 0x210f91bb6b0 of 64 bytes failed: Only part of a ReadProcessMemory or WriteProcessMemory request was completed. (0x12B)
[1015/011845.763:ERROR:process_memory_win.cc(73)] ReadMemory at 0x210f91bb700 of 64 bytes failed: Only part of a ReadProcessMemory or WriteProcessMemory request was completed. (0x12B)
[1015/011845.763:ERROR:process_memory_win.cc(73)] ReadMemory at 0x210f91bb750 of 62 bytes failed: Only part of a ReadProcessMemory or WriteProcessMemory request was completed. (0x12B)
[1015/011845.763:ERROR:process_memory_win.cc(73)] ReadMemory at 0x210f91bb890 of 64 bytes failed: Only part of a ReadProcessMemory or WriteProcessMemory request was completed. (0x12B)
[1015/011845.763:ERROR:process_memory_win.cc(73)] ReadMemory at 0x210f91bb8e0 of 60 bytes failed: Only part of a ReadProcessMemory or WriteProcessMemory request was completed. (0x12B)
[1015/011845.763:ERROR:process_memory_win.cc(73)] ReadMemory at 0x210f91bb930 of 64 bytes failed: Only part of a ReadProcessMemory or WriteProcessMemory request was completed. (0x12B)
[1015/011845.763:ERROR:process_memory_win.cc(73)] ReadMemory at 0x210f91bb980 of 62 bytes failed: Only part of a ReadProcessMemory or WriteProcessMemory request was completed. (0x12B)
[1015/011845.764:ERROR:process_memory_win.cc(73)] ReadMemory at 0x210f91bba20 of 66 bytes failed: Only part of a ReadProcessMemory or WriteProcessMemory request was completed. (0x12B)
[1015/011845.764:ERROR:process_memory_win.cc(73)] ReadMemory at 0x210f91bba70 of 62 bytes failed: Only part of a ReadProcessMemory or WriteProcessMemory request was completed. (0x12B)
[1015/011845.764:ERROR:process_memory_win.cc(73)] ReadMemory at 0x210f91bbac0 of 60 bytes failed: Only part of a ReadProcessMemory or WriteProcessMemory request was completed. (0x12B)
[1015/011845.764:ERROR:process_memory_win.cc(73)] ReadMemory at 0x210f91bbc00 of 62 bytes failed: Only part of a ReadProcessMemory or WriteProcessMemory request was completed. (0x12B)
[1015/011845.764:ERROR:process_memory_win.cc(73)] ReadMemory at 0x210f91bbc50 of 60 bytes failed: Only part of a ReadProcessMemory or WriteProcessMemory request was completed. (0x12B)
[1015/011845.765:ERROR:process_memory_win.cc(73)] ReadMemory at 0x210f91bbca0 of 58 bytes failed: Only part of a ReadProcessMemory or WriteProcessMemory request was completed. (0x12B)
[1015/011845.765:ERROR:process_memory_win.cc(73)] ReadMemory at 0x210f91bbcf0 of 64 bytes failed: Only part of a ReadProcessMemory or WriteProcessMemory request was completed. (0x12B)
[1015/011845.765:ERROR:process_memory_win.cc(73)] ReadMemory at 0x210f91bbe30 of 62 bytes failed: Only part of a ReadProcessMemory or WriteProcessMemory request was completed. (0x12B)
[1015/011845.765:ERROR:process_memory_win.cc(73)] ReadMemory at 0x210f91bc640 of 80 bytes failed: Only part of a ReadProcessMemory or WriteProcessMemory request was completed. (0x12B)
[1015/011845.766:ERROR:process_memory_win.cc(73)] ReadMemory at 0x210f91be0c0 of 132 bytes failed: Only part of a ReadProcessMemory or WriteProcessMemory request was completed. (0x12B)
[1015/011845.766:ERROR:process_memory_win.cc(73)] ReadMemory at 0x210f91be1f0 of 144 bytes failed: Only part of a ReadProcessMemory or WriteProcessMemory request was completed. (0x12B)
[1015/011845.766:ERROR:process_memory_win.cc(73)] ReadMemory at 0x210f91be650 of 132 bytes failed: Only part of a ReadProcessMemory or WriteProcessMemory request was completed. (0x12B)
[1015/011845.766:ERROR:process_memory_win.cc(73)] ReadMemory at 0x210f91be7a0 of 132 bytes failed: Only part of a ReadProcessMemory or WriteProcessMemory request was completed. (0x12B)
[1015/011845.766:ERROR:process_memory_win.cc(73)] ReadMemory at 0x210f91bee00 of 80 bytes failed: Only part of a ReadProcessMemory or WriteProcessMemory request was completed. (0x12B)
[1015/011845.766:ERROR:process_memory_win.cc(73)] ReadMemory at 0x210f91bf6a0 of 76 bytes failed: Only part of a ReadProcessMemory or WriteProcessMemory request was completed. (0x12B)
[1015/011845.766:ERROR:process_memory_win.cc(73)] ReadMemory at 0x210f91c0840 of 40 bytes failed: Only part of a ReadProcessMemory or WriteProcessMemory request was completed. (0x12B)
[1015/011845.767:ERROR:process_memory_win.cc(73)] ReadMemory at 0x210f91c1890 of 48 bytes failed: Only part of a ReadProcessMemory or WriteProcessMemory request was completed. (0x12B)
[1015/011845.767:ERROR:process_memory_win.cc(73)] ReadMemory at 0x210f91c1d90 of 48 bytes failed: Only part of a ReadProcessMemory or WriteProcessMemory request was completed. (0x12B)
[1015/011845.767:ERROR:process_memory_win.cc(73)] ReadMemory at 0x210f91c1e50 of 54 bytes failed: Only part of a ReadProcessMemory or WriteProcessMemory request was completed. (0x12B)
[1015/011845.767:ERROR:process_memory_win.cc(73)] ReadMemory at 0x210f91c2060 of 132 bytes failed: Only part of a ReadProcessMemory or WriteProcessMemory request was completed. (0x12B)
[1015/011845.767:ERROR:process_memory_win.cc(73)] ReadMemory at 0x210f91c2190 of 132 bytes failed: Only part of a ReadProcessMemory or WriteProcessMemory request was completed. (0x12B)
[1015/011845.767:ERROR:process_memory_win.cc(73)] ReadMemory at 0x210f91c23f0 of 132 bytes failed: Only part of a ReadProcessMemory or WriteProcessMemory request was completed. (0x12B)
[1015/011845.767:ERROR:process_memory_win.cc(73)] ReadMemory at 0x210f91c2520 of 132 bytes failed: Only part of a ReadProcessMemory or WriteProcessMemory request was completed. (0x12B)
[1015/011845.767:ERROR:process_memory_win.cc(73)] ReadMemory at 0x210f91c2650 of 132 bytes failed: Only part of a ReadProcessMemory or WriteProcessMemory request was completed. (0x12B)
[1015/011845.768:ERROR:process_memory_win.cc(73)] ReadMemory at 0x210f91c2780 of 132 bytes failed: Only part of a ReadProcessMemory or WriteProcessMemory request was completed. (0x12B)
[1015/011845.768:ERROR:process_memory_win.cc(73)] ReadMemory at 0x210f91c28b0 of 132 bytes failed: Only part of a ReadProcessMemory or WriteProcessMemory request was completed. (0x12B)
[1015/011845.768:ERROR:process_memory_win.cc(73)] ReadMemory at 0x210f91c29e0 of 132 bytes failed: Only part of a ReadProcessMemory or WriteProcessMemory request was completed. (0x12B)
[1015/011845.768:ERROR:process_memory_win.cc(73)] ReadMemory at 0x210f91c2b10 of 132 bytes failed: Only part of a ReadProcessMemory or WriteProcessMemory request was completed. (0x12B)
[1015/011845.768:ERROR:process_memory_win.cc(73)] ReadMemory at 0x210f91c2c40 of 132 bytes failed: Only part of a ReadProcessMemory or WriteProcessMemory request was completed. (0x12B)
[1015/011845.768:ERROR:process_memory_win.cc(73)] ReadMemory at 0x210f91c2d70 of 132 bytes failed: Only part of a ReadProcessMemory or WriteProcessMemory request was completed. (0x12B)
[1015/011845.768:ERROR:process_memory_win.cc(73)] ReadMemory at 0x210f91c2ea0 of 132 bytes failed: Only part of a ReadProcessMemory or WriteProcessMemory request was completed. (0x12B)
[1015/011845.769:ERROR:process_memory_win.cc(73)] ReadMemory at 0x210f91c4bf0 of 132 bytes failed: Only part of a ReadProcessMemory or WriteProcessMemory request was completed. (0x12B)
[1015/011845.769:ERROR:process_memory_win.cc(73)] ReadMemory at 0x210f91c4f10 of 132 bytes failed: Only part of a ReadProcessMemory or WriteProcessMemory request was completed. (0x12B)
[1015/011845.769:ERROR:process_memory_win.cc(73)] ReadMemory at 0x210f91c5130 of 132 bytes failed: Only part of a ReadProcessMemory or WriteProcessMemory request was completed. (0x12B)
[1015/011845.769:ERROR:process_memory_win.cc(73)] ReadMemory at 0x210f91c8290 of 132 bytes failed: Only part of a ReadProcessMemory or WriteProcessMemory request was completed. (0x12B)
[1015/011845.769:ERROR:process_memory_win.cc(73)] ReadMemory at 0x210f91c84a0 of 132 bytes failed: Only part of a ReadProcessMemory or WriteProcessMemory request was completed. (0x12B)
[1015/011845.769:ERROR:process_memory_win.cc(73)] ReadMemory at 0x210f91c90f0 of 132 bytes failed: Only part of a ReadProcessMemory or WriteProcessMemory request was completed. (0x12B)
[1015/011845.769:ERROR:process_memory_win.cc(73)] ReadMemory at 0x210f91c9220 of 132 bytes failed: Only part of a ReadProcessMemory or WriteProcessMemory request was completed. (0x12B)
[1015/011845.770:ERROR:process_memory_win.cc(73)] ReadMemory at 0x210f91c95b0 of 132 bytes failed: Only part of a ReadProcessMemory or WriteProcessMemory request was completed. (0x12B)
[1015/011845.770:ERROR:process_memory_win.cc(73)] ReadMemory at 0x210f91c9ba0 of 132 bytes failed: Only part of a ReadProcessMemory or WriteProcessMemory request was completed. (0x12B)
[1015/011845.770:ERROR:process_memory_win.cc(73)] ReadMemory at 0x210f91c9e00 of 132 bytes failed: Only part of a ReadProcessMemory or WriteProcessMemory request was completed. (0x12B)
[1015/011845.770:ERROR:process_memory_win.cc(73)] ReadMemory at 0x210f91ca060 of 132 bytes failed: Only part of a ReadProcessMemory or WriteProcessMemory request was completed. (0x12B)
[1015/011845.770:ERROR:process_memory_win.cc(73)] ReadMemory at 0x210f91ca3f0 of 132 bytes failed: Only part of a ReadProcessMemory or WriteProcessMemory request was completed. (0x12B)
[1015/011845.770:ERROR:process_memory_win.cc(73)] ReadMemory at 0x210f91ca520 of 132 bytes failed: Only part of a ReadProcessMemory or WriteProcessMemory request was completed. (0x12B)
[1015/011845.770:ERROR:process_memory_win.cc(73)] ReadMemory at 0x210f91ca780 of 132 bytes failed: Only part of a ReadProcessMemory or WriteProcessMemory request was completed. (0x12B)
[1015/011845.771:ERROR:process_memory_win.cc(73)] ReadMemory at 0x210f91ca9e0 of 132 bytes failed: Only part of a ReadProcessMemory or WriteProcessMemory request was completed. (0x12B)
[1015/011845.771:ERROR:process_memory_win.cc(73)] ReadMemory at 0x210f91cab10 of 132 bytes failed: Only part of a ReadProcessMemory or WriteProcessMemory request was completed. (0x12B)
[1015/011845.771:ERROR:process_memory_win.cc(73)] ReadMemory at 0x210f9208180 of 124 bytes failed: Only part of a ReadProcessMemory or WriteProcessMemory request was completed. (0x12B)
[1015/011845.771:ERROR:process_memory_win.cc(73)] ReadMemory at 0x210f923ac70 of 40 bytes failed: Only part of a ReadProcessMemory or WriteProcessMemory request was completed. (0x12B)
[1015/011845.771:ERROR:process_memory_win.cc(73)] ReadMemory at 0x210f93902c0 of 40 bytes failed: Only part of a ReadProcessMemory or WriteProcessMemory request was completed. (0x12B)
[1015/011845.771:ERROR:process_memory_win.cc(73)] ReadMemory at 0x210f97802c0 of 40 bytes failed: Only part of a ReadProcessMemory or WriteProcessMemory request was completed. (0x12B)
[1015/011845.771:ERROR:process_memory_win.cc(73)] ReadMemory at 0x7ffc78a623f8 of 40 bytes failed: Only part of a ReadProcessMemory or WriteProcessMemory request was completed. (0x12B)
[1015/011845.772:ERROR:process_memory_win.cc(73)] ReadMemory at 0x7ffca4ef0f20 of 40 bytes failed: Only part of a ReadProcessMemory or WriteProcessMemory request was completed. (0x12B)
[1015/011845.772:ERROR:process_memory_win.cc(73)] ReadMemory at 0x7ffca805f5b0 of 176 bytes failed: Only part of a ReadProcessMemory or WriteProcessMemory request was completed. (0x12B)
[1015/011845.772:ERROR:process_memory_win.cc(73)] ReadMemory at 0x7ffca824c428 of 18 bytes failed: Only part of a ReadProcessMemory or WriteProcessMemory request was completed. (0x12B)
[1015/011845.772:ERROR:process_memory_win.cc(73)] ReadMemory at 0x7ffca827f4f8 of 40 bytes failed: Only part of a ReadProcessMemory or WriteProcessMemory request was completed. (0x12B)
[1015/011845.772:ERROR:process_memory_win.cc(73)] ReadMemory at 0x7ffca827f560 of 48 bytes failed: Only part of a ReadProcessMemory or WriteProcessMemory request was completed. (0x12B)
[1015/011845.772:ERROR:process_memory_win.cc(73)] ReadMemory at 0x7ffca827f978 of 48 bytes failed: Only part of a ReadProcessMemory or WriteProcessMemory request was completed. (0x12B)
[1015/011845.772:ERROR:process_memory_win.cc(73)] ReadMemory at 0x7ffca8283be0 of 40 bytes failed: Only part of a ReadProcessMemory or WriteProcessMemory request was completed. (0x12B)
[1015/011845.773:ERROR:process_memory_win.cc(73)] ReadMemory at 0x7ffca8283d40 of 336 bytes failed: Only part of a ReadProcessMemory or WriteProcessMemory request was completed. (0x12B)
[1015/011845.773:ERROR:process_memory_win.cc(73)] ReadMemory at 0x7ffca82853c0 of 64 bytes failed: Only part of a ReadProcessMemory or WriteProcessMemory request was completed. (0x12B)
[1015/011845.782:ERROR:scoped_process_suspend.cc(40)] NtResumeProcess: An attempt was made to access an exiting process. (0xc000010a)
[1015/011845.791:ERROR:filesystem_win.cc(129)] GetFileAttributes C:\Users\f_cer\AppData\Local\Microsoft\Edge\User Data\Crashpad\attachments\037c1771-0b71-472b-ab1a-475a66c23e11: The system cannot find the path specified. (0x3)
[1015/092342.255:ERROR:directory_reader_win.cc(43)] FindFirstFile: The system cannot find the path specified. (0x3)
[1015/205632.128:ERROR:directory_reader_win.cc(43)] FindFirstFile: The system cannot find the path specified. (0x3)
[1015/224427.007:ERROR:process_reader_win.cc(155)] SuspendThread: Access is denied. (0x5)
[1015/224427.008:ERROR:process_reader_win.cc(155)] SuspendThread: Access is denied. (0x5)
[1015/224427.008:ERROR:process_reader_win.cc(155)] SuspendThread: Access is denied. (0x5)
[1015/224427.008:ERROR:process_reader_win.cc(155)] SuspendThread: Access is denied. (0x5)
[1015/224427.008:ERROR:process_reader_win.cc(155)] SuspendThread: Access is denied. (0x5)
[1015/224427.008:ERROR:process_reader_win.cc(155)] SuspendThread: Access is denied. (0x5)
[1015/224427.009:ERROR:process_reader_win.cc(155)] SuspendThread: Access is denied. (0x5)
[1015/224427.009:ERROR:process_reader_win.cc(155)] SuspendThread: Access is denied. (0x5)
[1015/224427.009:ERROR:process_reader_win.cc(155)] SuspendThread: Access is denied. (0x5)
[1015/224427.009:ERROR:process_reader_win.cc(155)] SuspendThread: Access is denied. (0x5)
[1015/224427.009:ERROR:process_reader_win.cc(155)] SuspendThread: Access is denied. (0x5)
[1015/224427.009:ERROR:process_reader_win.cc(155)] SuspendThread: Access is denied. (0x5)
[1015/224427.009:ERROR:process_reader_win.cc(155)] SuspendThread: Access is denied. (0x5)
[1015/224427.010:ERROR:process_reader_win.cc(155)] SuspendThread: Access is denied. (0x5)
[1015/224427.010:ERROR:process_reader_win.cc(155)] SuspendThread: Access is denied. (0x5)
[1015/224427.010:ERROR:process_reader_win.cc(155)] SuspendThread: Access is denied. (0x5)
[1015/224427.010:ERROR:process_reader_win.cc(155)] SuspendThread: Access is denied. (0x5)
[1015/224427.010:ERROR:process_reader_win.cc(155)] SuspendThread: Access is denied. (0x5)
[1015/224427.010:ERROR:process_reader_win.cc(155)] SuspendThread: Access is denied. (0x5)
[1015/224427.011:ERROR:process_reader_win.cc(155)] SuspendThread: Access is denied. (0x5)
[1015/224427.011:ERROR:process_reader_win.cc(155)] SuspendThread: Access is denied. (0x5)
[1015/224427.011:ERROR:process_reader_win.cc(155)] SuspendThread: Access is denied. (0x5)
[1015/224427.011:ERROR:process_reader_win.cc(155)] SuspendThread: Access is denied. (0x5)
[1015/224427.011:ERROR:process_reader_win.cc(155)] SuspendThread: Access is denied. (0x5)
[1015/224427.011:ERROR:process_reader_win.cc(155)] SuspendThread: Access is denied. (0x5)
[1015/224427.012:ERROR:process_reader_win.cc(155)] SuspendThread: Access is denied. (0x5)
[1015/224427.012:ERROR:process_reader_win.cc(155)] SuspendThread: Access is denied. (0x5)
[1015/224427.012:ERROR:process_reader_win.cc(155)] SuspendThread: Access is denied. (0x5)
[1015/224427.055:ERROR:process_reader_win.cc(155)] SuspendThread: Access is denied. (0x5)
[1015/224427.056:ERROR:process_reader_win.cc(155)] SuspendThread: Access is denied. (0x5)
[1015/224427.056:ERROR:process_reader_win.cc(155)] SuspendThread: Access is denied. (0x5)
[1015/224427.056:ERROR:process_reader_win.cc(155)] SuspendThread: Access is denied. (0x5)
[1015/224427.056:ERROR:process_reader_win.cc(155)] SuspendThread: Access is denied. (0x5)
[1015/224427.012:ERROR:process_reader_win.cc(127)] NtOpenThread: {Access Denied} A process has requested access to an object, but has not been granted those access rights. (0xc0000022)
[1015/224427.057:ERROR:process_reader_win.cc(155)] SuspendThread: Access is denied. (0x5)
[1015/224427.057:ERROR:process_reader_win.cc(155)] SuspendThread: Access is denied. (0x5)
[1015/224427.057:ERROR:exception_snapshot_win.cc(100)] thread ID 4916 not found in process
[1015/224427.057:ERROR:process_reader_win.cc(155)] SuspendThread: Access is denied. (0x5)
[1015/224427.063:ERROR:process_reader_win.cc(155)] SuspendThread: Access is denied. (0x5)
[1015/224427.063:ERROR:process_reader_win.cc(155)] SuspendThread: Access is denied. (0x5)
[1015/224427.063:ERROR:process_reader_win.cc(155)] SuspendThread: Access is denied. (0x5)
[1015/224427.064:ERROR:process_reader_win.cc(155)] SuspendThread: Access is denied. (0x5)
[1015/224427.064:ERROR:process_reader_win.cc(155)] SuspendThread: Access is denied. (0x5)
[1015/224427.064:ERROR:process_reader_win.cc(155)] SuspendThread: Access is denied. (0x5)
[1015/224427.064:ERROR:process_reader_win.cc(155)] SuspendThread: Access is denied. (0x5)
[1015/224427.064:ERROR:process_reader_win.cc(127)] NtOpenThread: {Access Denied} A process has requested access to an object, but has not been granted those access rights. (0xc0000022)
[1015/224427.065:ERROR:exception_snapshot_win.cc(100)] thread ID 14184 not found in process
[1015/224427.012:ERROR:process_reader_win.cc(127)] NtOpenThread: {Access Denied} A process has requested access to an object, but has not been granted those access rights. (0xc0000022)
[1015/224427.072:ERROR:exception_snapshot_win.cc(100)] thread ID 9100 not found in process
[1019/184254.082:ERROR:directory_reader_win.cc(43)] FindFirstFile: The system cannot find the path specified. (0x3)
